<?xml version="1.0" encoding="UTF-8"?>
<!-- Generated by org.testng.reporters.JUnitXMLReporter -->
<testsuite ignored="2" hostname="DESKTOP-L5472CS" failures="0" tests="1" name="Test_edge" time="68.949" errors="0" timestamp="2024-07-05T17:24:01 IST">
  <testcase classname="TestNG_Project.CrossBrowserChild" name="Test_002" time="0.192"/>
  <testcase classname="TestNG_Project.CrossBrowserChild" name="Test_003" time="0.0">
    <ignored/>
  </testcase> <!-- Test_003 -->
  <testcase classname="TestNG_Project.CrossBrowserChild" name="Test_001" time="0.0">
    <ignored/>
  </testcase> <!-- Test_001 -->
</testsuite> <!-- Test_edge -->
