<?xml version="1.0" encoding="UTF-8"?>
<!-- Generated by org.testng.reporters.JUnitXMLReporter -->
<testsuite ignored="0" hostname="DESKTOP-L5472CS" failures="0" tests="3" name="Test_chrom" time="0.042" errors="0" timestamp="2024-07-05T17:24:01 IST">
  <testcase classname="TestNG_Project.CrossBrowserBase" name="@BeforeMethod BM" time="0.001">
    <failure type="java.lang.NullPointerException" message="Cannot invoke &amp;quot;org.openqa.selenium.WebDriver.get(String)&amp;quot; because &amp;quot;this.driver&amp;quot; is null">
      <![CDATA[java.lang.NullPointerException: Cannot invoke "org.openqa.selenium.WebDriver.get(String)" because "this.driver" is null
at TestNG_Project.CrossBrowserBase.BM(CrossBrowserBase.java:38)
at java.base/java.util.ArrayList.forEach(ArrayList.java:1597)
... Removed 29 stack frames]]>
    </failure>
  </testcase> <!-- @BeforeMethod BM -->
  <testcase classname="TestNG_Project.CrossBrowserBase" name="@AfterMethod AM" time="-1.720180441477E9">
    <skipped/>
  </testcase> <!-- @AfterMethod AM -->
  <testcase classname="TestNG_Project.CrossBrowserBase" name="@BeforeMethod BM" time="-1.720180441481E9">
    <skipped/>
  </testcase> <!-- @BeforeMethod BM -->
  <testcase classname="TestNG_Project.CrossBrowserBase" name="@AfterMethod AM" time="-1.720180441488E9">
    <skipped/>
  </testcase> <!-- @AfterMethod AM -->
  <testcase classname="TestNG_Project.CrossBrowserBase" name="@BeforeMethod BM" time="-1.720180441492E9">
    <skipped/>
  </testcase> <!-- @BeforeMethod BM -->
  <testcase classname="TestNG_Project.CrossBrowserBase" name="@AfterMethod AM" time="-1.720180441499E9">
    <skipped/>
  </testcase> <!-- @AfterMethod AM -->
  <testcase classname="TestNG_Project.CrossBrowserChild" name="Test_001" time="0.0">
    <skipped/>
  </testcase> <!-- Test_001 -->
  <testcase classname="TestNG_Project.CrossBrowserChild" name="Test_002" time="0.0">
    <skipped/>
  </testcase> <!-- Test_002 -->
  <testcase classname="TestNG_Project.CrossBrowserChild" name="Test_003" time="0.0">
    <skipped/>
  </testcase> <!-- Test_003 -->
</testsuite> <!-- Test_chrom -->
