<?xml version="1.0" encoding="UTF-8"?>
<testsuite xmlns:xsi="http://www.w3.org/2001/XMLSchema-instance" xsi:noNamespaceSchemaLocation="https://maven.apache.org/surefire/maven-surefire-plugin/xsd/surefire-test-report-3.0.xsd" version="3.0" name="TestSuite" time="47.306" tests="13" errors="0" skipped="1" failures="1">
  <properties>
[...]
</properties>
  <testcase name="Tast_002" classname="TestNG_Project.TestNG_groups" time="0.005">
    <system-out><![CDATA[This is a Regression test cases_002
]]></system-out>
    <system-err><![CDATA[SLF4J: Failed to load class "org.slf4j.impl.StaticLoggerBinder".
SLF4J: Defaulting to no-operation (NOP) logger implementation
SLF4J: See http://www.slf4j.org/codes.html#StaticLoggerBinder for further details.
]]></system-err>
  </testcase>
  <testcase name="Tast_003" classname="TestNG_Project.TestNG_groups" time="0.009">
    <system-out><![CDATA[This is a Critical Regression test cases_003
]]></system-out>
  </testcase>
  <testcase name="Tast_004" classname="TestNG_Project.TestNG_groups" time="0.002">
    <system-out><![CDATA[This is a Regression test cases_004
]]></system-out>
  </testcase>
  <testcase name="Tast_005" classname="TestNG_Project.TestNG_groups" time="0.002">
    <system-out><![CDATA[This is a Sanity test cases_005
]]></system-out>
  </testcase>
  <testcase name="Test_001" classname="TestNG_Project.TestNG_groups" time="0.002">
    <system-out><![CDATA[This is a Sanity test cases_001
]]></system-out>
  </testcase>
  <testcase name="test_001" classname="TestNG_Project.TestNG_Keywords" time="0.001">
    <system-out><![CDATA[Test case 1
]]></system-out>
  </testcase>
  <testcase name="test_001" classname="TestNG_Project.TestNG_Keywords" time="0.002">
    <system-out><![CDATA[Test case 1
]]></system-out>
  </testcase>
  <testcase name="test_002" classname="TestNG_Project.TestNG_Keywords" time="0.001">
    <system-out><![CDATA[Test case 2
]]></system-out>
  </testcase>
  <testcase name="test_003" classname="TestNG_Project.TestNG_Keywords" time="0.009">
    <failure message="expected [true] but found [false]" type="java.lang.AssertionError"><![CDATA[java.lang.AssertionError: expected [true] but found [false]
	at org.testng.Assert.fail(Assert.java:111)
	at org.testng.Assert.failNotEquals(Assert.java:1578)
	at org.testng.Assert.assertTrue(Assert.java:57)
	at org.testng.Assert.assertTrue(Assert.java:67)
	at TestNG_Project.TestNG_Keywords.test_003(TestNG_Keywords.java:24)
	at java.base/jdk.internal.reflect.NativeMethodAccessorImpl.invoke0(Native Method)
	at java.base/jdk.internal.reflect.NativeMethodAccessorImpl.invoke(NativeMethodAccessorImpl.java:77)
	at java.base/jdk.internal.reflect.DelegatingMethodAccessorImpl.invoke(DelegatingMethodAccessorImpl.java:43)
	at java.base/java.lang.reflect.Method.invoke(Method.java:568)
	at org.testng.internal.invokers.MethodInvocationHelper.invokeMethod(MethodInvocationHelper.java:141)
	at org.testng.internal.invokers.TestInvoker.invokeMethod(TestInvoker.java:686)
	at org.testng.internal.invokers.TestInvoker.invokeTestMethod(TestInvoker.java:230)
	at org.testng.internal.invokers.MethodRunner.runInSequence(MethodRunner.java:63)
	at org.testng.internal.invokers.TestInvoker$MethodInvocationAgent.invoke(TestInvoker.java:992)
	at org.testng.internal.invokers.TestInvoker.invokeTestMethods(TestInvoker.java:203)
	at org.testng.internal.invokers.TestMethodWorker.invokeTestMethods(TestMethodWorker.java:154)
	at org.testng.internal.invokers.TestMethodWorker.run(TestMethodWorker.java:134)
	at java.base/java.util.ArrayList.forEach(ArrayList.java:1511)
	at org.testng.TestRunner.privateRun(TestRunner.java:739)
	at org.testng.TestRunner.run(TestRunner.java:614)
	at org.testng.SuiteRunner.runTest(SuiteRunner.java:421)
	at org.testng.SuiteRunner.runSequentially(SuiteRunner.java:413)
	at org.testng.SuiteRunner.privateRun(SuiteRunner.java:373)
	at org.testng.SuiteRunner.run(SuiteRunner.java:312)
	at org.testng.SuiteRunnerWorker.runSuite(SuiteRunnerWorker.java:52)
	at org.testng.SuiteRunnerWorker.run(SuiteRunnerWorker.java:95)
	at org.testng.TestNG.runSuitesSequentially(TestNG.java:1274)
	at org.testng.TestNG.runSuitesLocally(TestNG.java:1208)
	at org.testng.TestNG.runSuites(TestNG.java:1112)
	at org.testng.TestNG.run(TestNG.java:1079)
	at org.apache.maven.surefire.testng.TestNGExecutor.run(TestNGExecutor.java:155)
	at org.apache.maven.surefire.testng.TestNGDirectoryTestSuite.executeMulti(TestNGDirectoryTestSuite.java:169)
	at org.apache.maven.surefire.testng.TestNGDirectoryTestSuite.execute(TestNGDirectoryTestSuite.java:88)
	at org.apache.maven.surefire.testng.TestNGProvider.invoke(TestNGProvider.java:137)
	at org.apache.maven.surefire.booter.ForkedBooter.runSuitesInProcess(ForkedBooter.java:385)
	at org.apache.maven.surefire.booter.ForkedBooter.execute(ForkedBooter.java:162)
	at org.apache.maven.surefire.booter.ForkedBooter.run(ForkedBooter.java:507)
	at org.apache.maven.surefire.booter.ForkedBooter.main(ForkedBooter.java:495)
]]></failure>
    <system-out><![CDATA[Test case 3
]]></system-out>
  </testcase>
  <testcase name="test_005" classname="TestNG_Project.TestNG_Keywords" time="0.0">
    <skipped message="Method TestNG_Project.TestNG_Keywords.test_005() on instance TestNG_Project.TestNG_Keywords@45b9a632 depends on not successfully finished methods &#10;[TestNG_Project.TestNG_Keywords.test_003() on instance TestNG_Project.TestNG_Keywords@45b9a632]"/>
  </testcase>
  <testcase name="test_001" classname="Test_Pom.Test_1" time="0.273">
    <system-err><![CDATA[Starting Microsoft Edge WebDriver 127.0.2651.98 (9996f88545e18c16921985a1cf83cfb2dd39e851) on port 47884
To submit feedback, report a bug, or suggest new features, please visit https://github.com/MicrosoftEdge/EdgeWebDriver

Only local connections are allowed.
Please see https://aka.ms/WebDriverSecurity for suggestions on keeping Microsoft Edge WebDriver safe.

Microsoft Edge WebDriver was started successfully.
Aug 12, 2024 10:00:09 PM org.openqa.selenium.remote.ProtocolHandshake createSession
INFO: Detected dialect: W3C
]]></system-err>
  </testcase>
  <testcase name="test_002" classname="Test_Pom.Test_2" time="0.1">
    <system-err><![CDATA[Starting Microsoft Edge WebDriver 127.0.2651.98 (9996f88545e18c16921985a1cf83cfb2dd39e851) on port 8741
To submit feedback, report a bug, or suggest new features, please visit https://github.com/MicrosoftEdge/EdgeWebDriver

Only local connections are allowed.
Please see https://aka.ms/WebDriverSecurity for suggestions on keeping Microsoft Edge WebDriver safe.

Microsoft Edge WebDriver was started successfully.
Aug 12, 2024 10:00:19 PM org.openqa.selenium.remote.ProtocolHandshake createSession
INFO: Detected dialect: W3C
]]></system-err>
  </testcase>
  <testcase name="test_001" classname="Waits.TestCase" time="20.167">
    <system-err><![CDATA[Starting Microsoft Edge WebDriver 127.0.2651.98 (9996f88545e18c16921985a1cf83cfb2dd39e851) on port 45626
To submit feedback, report a bug, or suggest new features, please visit https://github.com/MicrosoftEdge/EdgeWebDriver

Only local connections are allowed.
Please see https://aka.ms/WebDriverSecurity for suggestions on keeping Microsoft Edge WebDriver safe.

Microsoft Edge WebDriver was started successfully.
Aug 12, 2024 10:00:29 PM org.openqa.selenium.remote.ProtocolHandshake createSession
INFO: Detected dialect: W3C
]]></system-err>
  </testcase>
</testsuite>