<?xml version="1.0" encoding="UTF-8"?>
<!-- Generated by org.testng.reporters.JUnitXMLReporter -->
<testsuite ignored="0" hostname="DESKTOP-L5472CS" failures="0" tests="6" name="Test" time="158.135" errors="0" timestamp="2024-07-05T16:02:48 IST">
  <testcase classname="TestNG_Project.ChildClass_1" name="Test_001" time="3.184"/>
  <testcase classname="TestNG_Project.ChildClass_2" name="Test_002" time="4.185"/>
  <testcase classname="TestNG_Project.ChildClass_1" name="Test_001" time="3.149"/>
  <testcase classname="TestNG_Project.ChildClass_2" name="Test_002" time="4.194"/>
  <testcase classname="TestNG_Project.ChildClass_3" name="Test_003" time="2.136"/>
  <testcase classname="TestNG_Project.ChildClass_1" name="Test_001" time="3.175"/>
</testsuite> <!-- Test -->
