<?xml version="1.0" encoding="UTF-8"?>
<!-- Generated by org.testng.reporters.JUnitXMLReporter -->
<testsuite ignored="0" hostname="DESKTOP-L5472CS" failures="0" tests="5" name="Test" time="0.078" errors="0" timestamp="2024-07-05T17:29:23 IST">
  <testcase classname="TestNG_Project.TestNG_groups" name="Tast_002" time="0.014"/>
  <testcase classname="TestNG_Project.TestNG_groups" name="Tast_003" time="0.001"/>
  <testcase classname="TestNG_Project.TestNG_groups" name="Tast_004" time="0.002"/>
  <testcase classname="TestNG_Project.TestNG_groups" name="Tast_005" time="0.001"/>
  <testcase classname="TestNG_Project.TestNG_groups" name="Test_001" time="0.001"/>
</testsuite> <!-- Test -->
