<?xml version="1.0" encoding="UTF-8"?>
<!-- Generated by org.testng.reporters.JUnitXMLReporter -->
<testsuite ignored="3" hostname="DESKTOP-L5472CS" failures="0" tests="2" name="Test" time="0.085" errors="0" timestamp="2024-07-05T16:21:15 IST">
  <testcase classname="TestNG_Project.TestNG_groups" name="Tast_005" time="0.02"/>
  <testcase classname="TestNG_Project.TestNG_groups" name="Test_001" time="0.003"/>
  <testcase classname="TestNG_Project.TestNG_groups" name="Tast_003" time="0.0">
    <ignored/>
  </testcase> <!-- Tast_003 -->
  <testcase classname="TestNG_Project.TestNG_groups" name="Tast_002" time="0.0">
    <ignored/>
  </testcase> <!-- Tast_002 -->
  <testcase classname="TestNG_Project.TestNG_groups" name="Tast_004" time="0.0">
    <ignored/>
  </testcase> <!-- Tast_004 -->
</testsuite> <!-- Test -->
